<?xml version="1.0" encoding="UTF-8"?>
<!-- Generated by org.testng.reporters.JUnitReportReporter -->
<testsuite hostname="ABIMOHAN" failures="0" tests="1" name="lmsTestCases.Verify2ndPopularCourseTest_4" time="0.140" errors="0" timestamp="2020-12-22T21:09:53 IST" skipped="0">
  <testcase classname="lmsTestCases.Verify2ndPopularCourseTest_4" name="lms2ndPopCourse" time="0.140"/>
  <system-out>
Retriving 2nd most popular course header : Email Marketing Strategies  </system-out>
</testsuite> <!-- lmsTestCases.Verify2ndPopularCourseTest_4 -->
