<?xml version="1.0" encoding="UTF-8"?>
<!-- Generated by org.testng.reporters.JUnitReportReporter -->
<testsuite hostname="ABIMOHAN" failures="0" tests="1" name="lmsTestCases.VerifyCountCourses" time="1.004" errors="0" timestamp="2020-12-23T10:51:44 IST" skipped="0">
  <testcase classname="lmsTestCases.VerifyCountCourses" name="lmsCountCourses" time="1.004"/>
  <system-out>
>>>>Finding the my courses webelement >>>>Clicking on the webelement >>>>Fetching the number of courses >>>>The number of courses are 3  </system-out>
</testsuite> <!-- lmsTestCases.VerifyCountCourses -->
