<?xml version="1.0" encoding="UTF-8"?>
<!-- Generated by org.testng.reporters.JUnitReportReporter -->
<testsuite hostname="ABIMOHAN" failures="0" tests="1" name="lmsTestCases.VerifyHeadingTest_2" time="0.102" errors="0" timestamp="2020-12-22T19:37:39 IST" skipped="0">
  <testcase classname="lmsTestCases.VerifyHeadingTest_2" name="lmsHeadingTest" time="0.102"/>
  <system-out>
>>>>lmsHeadingTest - Retriving the heading  </system-out>
</testsuite> <!-- lmsTestCases.VerifyHeadingTest_2 -->
