<?xml version="1.0" encoding="UTF-8"?>
<!-- Generated by org.testng.reporters.JUnitReportReporter -->
<testsuite hostname="ABIMOHAN" failures="0" tests="1" name="lmsTestCases.Verify1stTextBox_3" time="0.100" errors="0" timestamp="2020-12-22T20:04:34 IST" skipped="0">
  <testcase classname="lmsTestCases.Verify1stTextBox_3" name="lms1stTextBox" time="0.100"/>
  <system-out>
>>>>lms1stTextBox - Locating the webElement >>>>lms1stTextBox - Retriving 1st box heading : Actionable Training  </system-out>
</testsuite> <!-- lmsTestCases.Verify1stTextBox_3 -->
