<?xml version="1.0" encoding="UTF-8"?>
<!-- Generated by org.testng.reporters.JUnitReportReporter -->
<testsuite hostname="ABIMOHAN" failures="0" tests="1" name="lmsTestCases.VerifyTitleTest" time="0.019" errors="0" timestamp="2020-12-22T18:45:58 IST" skipped="0">
  <testcase classname="lmsTestCases.VerifyTitleTest" name="lmsTitleTest" time="0.019"/>
  <system-out>
lmsTitleTest - Getting the title from the page  </system-out>
</testsuite> <!-- lmsTestCases.VerifyTitleTest -->
