<?xml version="1.0" encoding="UTF-8"?>
<!-- Generated by org.testng.reporters.JUnitReportReporter -->
<testsuite hostname="ABIMOHAN" failures="0" tests="1" name="lmsTestCases.VerifyContactAdmin_8" time="2.641" errors="0" timestamp="2020-12-23T14:32:44 IST" skipped="0">
  <testcase classname="lmsTestCases.VerifyContactAdmin_8" name="lmsContactAdminTest" time="2.641"/>
  <system-out>
>>>>Getting the contact webElement and clicking it  >>>>Sending the details in the form >>>>Clicking the button.. >>>>Verifying the textThanks for contacting us! We will be in touch with you shortly.  </system-out>
</testsuite> <!-- lmsTestCases.VerifyContactAdmin_8 -->
