<?xml version="1.0" encoding="UTF-8"?>
<!-- Generated by org.testng.reporters.JUnitReportReporter -->
<testsuite hostname="ABIMOHAN" failures="0" tests="1" name="lmsTestCases.VerifyLogin_6" time="3.555" errors="0" timestamp="2020-12-23T10:20:09 IST" skipped="0">
  <testcase classname="lmsTestCases.VerifyLogin_6" name="lmsLoginTest" time="3.555"/>
  <system-out>
>>>>Clicking on the my account nav >>>>Verifying the title of myAcc >>>>Clicking on the login button  >>>>Entering the username and password >>>>Clicking the button  </system-out>
</testsuite> <!-- lmsTestCases.VerifyLogin_6 -->
